Determining if the pthread_create exist failed with the following output:
Change Dir: /home/hu/下载/AddKalman/kldemo/build/CMakeFiles/CMakeTmp

Run Build Command:"/usr/bin/make" "cmTC_3673f/fast"
/usr/bin/make -f CMakeFiles/cmTC_3673f.dir/build.make CMakeFiles/cmTC_3673f.dir/build
make[1]: Entering directory '/home/hu/下载/AddKalman/kldemo/build/CMakeFiles/CMakeTmp'
Building C object CMakeFiles/cmTC_3673f.dir/CheckSymbolExists.c.o
/usr/bin/cc    -fPIC    -o CMakeFiles/cmTC_3673f.dir/CheckSymbolExists.c.o   -c /home/hu/下载/AddKalman/kldemo/build/CMakeFiles/CMakeTmp/CheckSymbolExists.c
Linking C executable cmTC_3673f
/usr/bin/cmake -E cmake_link_script CMakeFiles/cmTC_3673f.dir/link.txt --verbose=1
/usr/bin/cc  -fPIC     CMakeFiles/cmTC_3673f.dir/CheckSymbolExists.c.o  -o cmTC_3673f -rdynamic 
CMakeFiles/cmTC_3673f.dir/CheckSymbolExists.c.o：在函数‘main’中：
CheckSymbolExists.c:(.text+0x1b)：对‘pthread_create’未定义的引用
collect2: error: ld returned 1 exit status
CMakeFiles/cmTC_3673f.dir/build.make:97: recipe for target 'cmTC_3673f' failed
make[1]: *** [cmTC_3673f] Error 1
make[1]: Leaving directory '/home/hu/下载/AddKalman/kldemo/build/CMakeFiles/CMakeTmp'
Makefile:126: recipe for target 'cmTC_3673f/fast' failed
make: *** [cmTC_3673f/fast] Error 2

File /home/hu/下载/AddKalman/kldemo/build/CMakeFiles/CMakeTmp/CheckSymbolExists.c:
/* */
#include <pthread.h>

int main(int argc, char** argv)
{
  (void)argv;
#ifndef pthread_create
  return ((int*)(&pthread_create))[argc];
#else
  (void)argc;
  return 0;
#endif
}

Determining if the function pthread_create exists in the pthreads failed with the following output:
Change Dir: /home/hu/下载/AddKalman/kldemo/build/CMakeFiles/CMakeTmp

Run Build Command:"/usr/bin/make" "cmTC_887cc/fast"
/usr/bin/make -f CMakeFiles/cmTC_887cc.dir/build.make CMakeFiles/cmTC_887cc.dir/build
make[1]: Entering directory '/home/hu/下载/AddKalman/kldemo/build/CMakeFiles/CMakeTmp'
Building C object CMakeFiles/cmTC_887cc.dir/CheckFunctionExists.c.o
/usr/bin/cc    -fPIC -DCHECK_FUNCTION_EXISTS=pthread_create   -o CMakeFiles/cmTC_887cc.dir/CheckFunctionExists.c.o   -c /usr/share/cmake-3.5/Modules/CheckFunctionExists.c
Linking C executable cmTC_887cc
/usr/bin/cmake -E cmake_link_script CMakeFiles/cmTC_887cc.dir/link.txt --verbose=1
/usr/bin/cc  -fPIC -DCHECK_FUNCTION_EXISTS=pthread_create    CMakeFiles/cmTC_887cc.dir/CheckFunctionExists.c.o  -o cmTC_887cc -rdynamic -lpthreads 
/usr/bin/ld: 找不到 -lpthreads
collect2: error: ld returned 1 exit status
CMakeFiles/cmTC_887cc.dir/build.make:97: recipe for target 'cmTC_887cc' failed
make[1]: *** [cmTC_887cc] Error 1
make[1]: Leaving directory '/home/hu/下载/AddKalman/kldemo/build/CMakeFiles/CMakeTmp'
Makefile:126: recipe for target 'cmTC_887cc/fast' failed
make: *** [cmTC_887cc/fast] Error 2


